CRITICAL - 2022-05-27 09:17:57 --> You must set the database table to be used with your query.
#0 C:\xampp4\htdocs\alrasyid-software\sitanink\system\Model.php(545): CodeIgniter\Database\BaseConnection->table(NULL)
#1 C:\xampp4\htdocs\alrasyid-software\sitanink\system\Model.php(719): CodeIgniter\Model->builder()
#2 C:\xampp4\htdocs\alrasyid-software\sitanink\modules\admin\review\controllers\ReviewController.php(24): CodeIgniter\Model->__call('getData', Array)
#3 C:\xampp4\htdocs\alrasyid-software\sitanink\system\CodeIgniter.php(802): Modules\Admin\Review\Controllers\ReviewController->index()
#4 C:\xampp4\htdocs\alrasyid-software\sitanink\system\CodeIgniter.php(399): CodeIgniter\CodeIgniter->runController(Object(Modules\Admin\Review\Controllers\ReviewController))
#5 C:\xampp4\htdocs\alrasyid-software\sitanink\system\CodeIgniter.php(317): CodeIgniter\CodeIgniter->handleRequest(NULL, Object(Config\Cache), false)
#6 C:\xampp4\htdocs\alrasyid-software\sitanink\public\index.php(53): CodeIgniter\CodeIgniter->run()
#7 {main}
CRITICAL - 2022-05-27 09:18:10 --> syntax error, unexpected token "}", expecting identifier or variable or "{" or "$"
#0 C:\xampp4\htdocs\alrasyid-software\sitanink\system\Autoloader\Autoloader.php(241): CodeIgniter\Autoloader\Autoloader->includeFile('C:\\xampp4\\htdoc...')
#1 C:\xampp4\htdocs\alrasyid-software\sitanink\system\Autoloader\Autoloader.php(219): CodeIgniter\Autoloader\Autoloader->loadInNamespace('Modules\\Admin\\R...')
#2 C:\xampp4\htdocs\alrasyid-software\sitanink\modules\admin\review\controllers\ReviewController.php(19): CodeIgniter\Autoloader\Autoloader->loadClass('Modules\\Admin\\R...')
#3 C:\xampp4\htdocs\alrasyid-software\sitanink\system\CodeIgniter.php(779): Modules\Admin\Review\Controllers\ReviewController->__construct()
#4 C:\xampp4\htdocs\alrasyid-software\sitanink\system\CodeIgniter.php(390): CodeIgniter\CodeIgniter->createController()
#5 C:\xampp4\htdocs\alrasyid-software\sitanink\system\CodeIgniter.php(317): CodeIgniter\CodeIgniter->handleRequest(NULL, Object(Config\Cache), false)
#6 C:\xampp4\htdocs\alrasyid-software\sitanink\public\index.php(53): CodeIgniter\CodeIgniter->run()
#7 {main}
CRITICAL - 2022-05-27 09:48:28 --> Undefined array key "NIK"
#0 C:\xampp4\htdocs\alrasyid-software\sitanink\modules\admin\pekerja\controllers\PekerjaController.php(181): CodeIgniter\Debug\Exceptions->errorHandler(2, 'Undefined array...', 'C:\\xampp4\\htdoc...', 181)
#1 C:\xampp4\htdocs\alrasyid-software\sitanink\system\CodeIgniter.php(802): Modules\Admin\Pekerja\Controllers\PekerjaController->create()
#2 C:\xampp4\htdocs\alrasyid-software\sitanink\system\CodeIgniter.php(399): CodeIgniter\CodeIgniter->runController(Object(Modules\Admin\Pekerja\Controllers\PekerjaController))
#3 C:\xampp4\htdocs\alrasyid-software\sitanink\system\CodeIgniter.php(317): CodeIgniter\CodeIgniter->handleRequest(NULL, Object(Config\Cache), false)
#4 C:\xampp4\htdocs\alrasyid-software\sitanink\public\index.php(53): CodeIgniter\CodeIgniter->run()
#5 {main}
CRITICAL - 2022-05-27 09:55:06 --> Attempt to read property "filename" on null
#0 C:\xampp4\htdocs\alrasyid-software\sitanink\modules\admin\review\views\v_review_confirm.php(14): CodeIgniter\Debug\Exceptions->errorHandler(2, 'Attempt to read...', 'C:\\xampp4\\htdoc...', 14)
#1 C:\xampp4\htdocs\alrasyid-software\sitanink\system\View\View.php(214): include('C:\\xampp4\\htdoc...')
#2 C:\xampp4\htdocs\alrasyid-software\sitanink\system\View\View.php(217): CodeIgniter\View\View->CodeIgniter\View\{closure}()
#3 C:\xampp4\htdocs\alrasyid-software\sitanink\modules\shared\core\controllers\BaseWebController.php(46): CodeIgniter\View\View->render('modules\\admin\\r...', Array, true)
#4 C:\xampp4\htdocs\alrasyid-software\sitanink\modules\admin\review\controllers\ReviewController.php(83): Modules\Shared\Core\Controllers\BaseWebController->renderView('v_review_confir...', Array)
#5 C:\xampp4\htdocs\alrasyid-software\sitanink\system\CodeIgniter.php(802): Modules\Admin\Review\Controllers\ReviewController->confirm('1')
#6 C:\xampp4\htdocs\alrasyid-software\sitanink\system\CodeIgniter.php(399): CodeIgniter\CodeIgniter->runController(Object(Modules\Admin\Review\Controllers\ReviewController))
#7 C:\xampp4\htdocs\alrasyid-software\sitanink\system\CodeIgniter.php(317): CodeIgniter\CodeIgniter->handleRequest(NULL, Object(Config\Cache), false)
#8 C:\xampp4\htdocs\alrasyid-software\sitanink\public\index.php(53): CodeIgniter\CodeIgniter->run()
#9 {main}
CRITICAL - 2022-05-27 12:40:50 --> Attempt to read property "filename" on null
#0 C:\xampp4\htdocs\alrasyid-software\sitanink\modules\admin\review\views\v_review_confirm.php(14): CodeIgniter\Debug\Exceptions->errorHandler(2, 'Attempt to read...', 'C:\\xampp4\\htdoc...', 14)
#1 C:\xampp4\htdocs\alrasyid-software\sitanink\system\View\View.php(214): include('C:\\xampp4\\htdoc...')
#2 C:\xampp4\htdocs\alrasyid-software\sitanink\system\View\View.php(217): CodeIgniter\View\View->CodeIgniter\View\{closure}()
#3 C:\xampp4\htdocs\alrasyid-software\sitanink\modules\shared\core\controllers\BaseWebController.php(46): CodeIgniter\View\View->render('modules\\admin\\r...', Array, true)
#4 C:\xampp4\htdocs\alrasyid-software\sitanink\modules\admin\review\controllers\ReviewController.php(83): Modules\Shared\Core\Controllers\BaseWebController->renderView('v_review_confir...', Array)
#5 C:\xampp4\htdocs\alrasyid-software\sitanink\system\CodeIgniter.php(802): Modules\Admin\Review\Controllers\ReviewController->confirm('1')
#6 C:\xampp4\htdocs\alrasyid-software\sitanink\system\CodeIgniter.php(399): CodeIgniter\CodeIgniter->runController(Object(Modules\Admin\Review\Controllers\ReviewController))
#7 C:\xampp4\htdocs\alrasyid-software\sitanink\system\CodeIgniter.php(317): CodeIgniter\CodeIgniter->handleRequest(NULL, Object(Config\Cache), false)
#8 C:\xampp4\htdocs\alrasyid-software\sitanink\public\index.php(53): CodeIgniter\CodeIgniter->run()
#9 {main}
CRITICAL - 2022-05-27 13:08:31 --> syntax error, unexpected token ":", expecting "," or ";"
#0 C:\xampp4\htdocs\alrasyid-software\sitanink\system\View\View.php(217): CodeIgniter\View\View->CodeIgniter\View\{closure}()
#1 C:\xampp4\htdocs\alrasyid-software\sitanink\modules\shared\core\controllers\BaseWebController.php(46): CodeIgniter\View\View->render('modules\\admin\\r...', Array, true)
#2 C:\xampp4\htdocs\alrasyid-software\sitanink\modules\admin\review\controllers\ReviewController.php(83): Modules\Shared\Core\Controllers\BaseWebController->renderView('v_review_confir...', Array)
#3 C:\xampp4\htdocs\alrasyid-software\sitanink\system\CodeIgniter.php(802): Modules\Admin\Review\Controllers\ReviewController->confirm('1')
#4 C:\xampp4\htdocs\alrasyid-software\sitanink\system\CodeIgniter.php(399): CodeIgniter\CodeIgniter->runController(Object(Modules\Admin\Review\Controllers\ReviewController))
#5 C:\xampp4\htdocs\alrasyid-software\sitanink\system\CodeIgniter.php(317): CodeIgniter\CodeIgniter->handleRequest(NULL, Object(Config\Cache), false)
#6 C:\xampp4\htdocs\alrasyid-software\sitanink\public\index.php(53): CodeIgniter\CodeIgniter->run()
#7 {main}
CRITICAL - 2022-05-27 13:21:12 --> Attempt to read property "id" on array
#0 C:\xampp4\htdocs\alrasyid-software\sitanink\modules\admin\review\views\v_review_confirm.php(80): CodeIgniter\Debug\Exceptions->errorHandler(2, 'Attempt to read...', 'C:\\xampp4\\htdoc...', 80)
#1 C:\xampp4\htdocs\alrasyid-software\sitanink\system\View\View.php(214): include('C:\\xampp4\\htdoc...')
#2 C:\xampp4\htdocs\alrasyid-software\sitanink\system\View\View.php(217): CodeIgniter\View\View->CodeIgniter\View\{closure}()
#3 C:\xampp4\htdocs\alrasyid-software\sitanink\modules\shared\core\controllers\BaseWebController.php(46): CodeIgniter\View\View->render('modules\\admin\\r...', Array, true)
#4 C:\xampp4\htdocs\alrasyid-software\sitanink\modules\admin\review\controllers\ReviewController.php(83): Modules\Shared\Core\Controllers\BaseWebController->renderView('v_review_confir...', Array)
#5 C:\xampp4\htdocs\alrasyid-software\sitanink\system\CodeIgniter.php(802): Modules\Admin\Review\Controllers\ReviewController->confirm('1')
#6 C:\xampp4\htdocs\alrasyid-software\sitanink\system\CodeIgniter.php(399): CodeIgniter\CodeIgniter->runController(Object(Modules\Admin\Review\Controllers\ReviewController))
#7 C:\xampp4\htdocs\alrasyid-software\sitanink\system\CodeIgniter.php(317): CodeIgniter\CodeIgniter->handleRequest(NULL, Object(Config\Cache), false)
#8 C:\xampp4\htdocs\alrasyid-software\sitanink\public\index.php(53): CodeIgniter\CodeIgniter->run()
#9 {main}
ERROR - 2022-05-27 13:29:49 --> Duplicate entry '1' for key 'PRIMARY'
CRITICAL - 2022-05-27 13:29:49 --> Duplicate entry '1' for key 'PRIMARY'
#0 C:\xampp4\htdocs\alrasyid-software\sitanink\system\Database\MySQLi\Connection.php(280): mysqli->query('INSERT INTO `pe...')
#1 C:\xampp4\htdocs\alrasyid-software\sitanink\system\Database\BaseConnection.php(663): CodeIgniter\Database\MySQLi\Connection->execute('INSERT INTO `pe...')
#2 C:\xampp4\htdocs\alrasyid-software\sitanink\system\Database\BaseConnection.php(591): CodeIgniter\Database\BaseConnection->simpleQuery('INSERT INTO `pe...')
#3 C:\xampp4\htdocs\alrasyid-software\sitanink\system\Database\BaseBuilder.php(1733): CodeIgniter\Database\BaseConnection->query('INSERT INTO `pe...', Array, false)
#4 C:\xampp4\htdocs\alrasyid-software\sitanink\modules\admin\review\models\ReviewModel.php(111): CodeIgniter\Database\BaseBuilder->insert(Array)
#5 C:\xampp4\htdocs\alrasyid-software\sitanink\modules\admin\review\controllers\ReviewController.php(94): Modules\Admin\Review\Models\ReviewModel->insertNew(Array)
#6 C:\xampp4\htdocs\alrasyid-software\sitanink\system\CodeIgniter.php(802): Modules\Admin\Review\Controllers\ReviewController->doConfirm('1')
#7 C:\xampp4\htdocs\alrasyid-software\sitanink\system\CodeIgniter.php(399): CodeIgniter\CodeIgniter->runController(Object(Modules\Admin\Review\Controllers\ReviewController))
#8 C:\xampp4\htdocs\alrasyid-software\sitanink\system\CodeIgniter.php(317): CodeIgniter\CodeIgniter->handleRequest(NULL, Object(Config\Cache), false)
#9 C:\xampp4\htdocs\alrasyid-software\sitanink\public\index.php(53): CodeIgniter\CodeIgniter->run()
#10 {main}
ERROR - 2022-05-27 13:30:22 --> Duplicate entry '1' for key 'PRIMARY'
CRITICAL - 2022-05-27 13:30:22 --> Duplicate entry '1' for key 'PRIMARY'
#0 C:\xampp4\htdocs\alrasyid-software\sitanink\system\Database\MySQLi\Connection.php(280): mysqli->query('INSERT INTO `pe...')
#1 C:\xampp4\htdocs\alrasyid-software\sitanink\system\Database\BaseConnection.php(663): CodeIgniter\Database\MySQLi\Connection->execute('INSERT INTO `pe...')
#2 C:\xampp4\htdocs\alrasyid-software\sitanink\system\Database\BaseConnection.php(591): CodeIgniter\Database\BaseConnection->simpleQuery('INSERT INTO `pe...')
#3 C:\xampp4\htdocs\alrasyid-software\sitanink\system\Database\BaseBuilder.php(1733): CodeIgniter\Database\BaseConnection->query('INSERT INTO `pe...', Array, false)
#4 C:\xampp4\htdocs\alrasyid-software\sitanink\modules\admin\review\models\ReviewModel.php(111): CodeIgniter\Database\BaseBuilder->insert(Array)
#5 C:\xampp4\htdocs\alrasyid-software\sitanink\modules\admin\review\controllers\ReviewController.php(94): Modules\Admin\Review\Models\ReviewModel->insertNew(Array)
#6 C:\xampp4\htdocs\alrasyid-software\sitanink\system\CodeIgniter.php(802): Modules\Admin\Review\Controllers\ReviewController->doConfirm('1')
#7 C:\xampp4\htdocs\alrasyid-software\sitanink\system\CodeIgniter.php(399): CodeIgniter\CodeIgniter->runController(Object(Modules\Admin\Review\Controllers\ReviewController))
#8 C:\xampp4\htdocs\alrasyid-software\sitanink\system\CodeIgniter.php(317): CodeIgniter\CodeIgniter->handleRequest(NULL, Object(Config\Cache), false)
#9 C:\xampp4\htdocs\alrasyid-software\sitanink\public\index.php(53): CodeIgniter\CodeIgniter->run()
#10 {main}
CRITICAL - 2022-05-27 13:31:35 --> insertBatch() called with no data
#0 C:\xampp4\htdocs\alrasyid-software\sitanink\modules\admin\review\models\ReviewModel.php(126): CodeIgniter\Database\BaseBuilder->insertBatch(Array)
#1 C:\xampp4\htdocs\alrasyid-software\sitanink\modules\admin\review\controllers\ReviewController.php(110): Modules\Admin\Review\Models\ReviewModel->insertBerkas(Array)
#2 C:\xampp4\htdocs\alrasyid-software\sitanink\system\CodeIgniter.php(802): Modules\Admin\Review\Controllers\ReviewController->doConfirm('1')
#3 C:\xampp4\htdocs\alrasyid-software\sitanink\system\CodeIgniter.php(399): CodeIgniter\CodeIgniter->runController(Object(Modules\Admin\Review\Controllers\ReviewController))
#4 C:\xampp4\htdocs\alrasyid-software\sitanink\system\CodeIgniter.php(317): CodeIgniter\CodeIgniter->handleRequest(NULL, Object(Config\Cache), false)
#5 C:\xampp4\htdocs\alrasyid-software\sitanink\public\index.php(53): CodeIgniter\CodeIgniter->run()
#6 {main}
CRITICAL - 2022-05-27 14:16:18 --> Class "Modules\Admin\Review\Controllers\ResponseInterface" not found
#0 C:\xampp4\htdocs\alrasyid-software\sitanink\system\CodeIgniter.php(802): Modules\Admin\Review\Controllers\ReviewController->cancel('4')
#1 C:\xampp4\htdocs\alrasyid-software\sitanink\system\CodeIgniter.php(399): CodeIgniter\CodeIgniter->runController(Object(Modules\Admin\Review\Controllers\ReviewController))
#2 C:\xampp4\htdocs\alrasyid-software\sitanink\system\CodeIgniter.php(317): CodeIgniter\CodeIgniter->handleRequest(NULL, Object(Config\Cache), false)
#3 C:\xampp4\htdocs\alrasyid-software\sitanink\public\index.php(53): CodeIgniter\CodeIgniter->run()
#4 {main}
CRITICAL - 2022-05-27 14:21:50 --> Undefined property: stdClass::$deleted_at
#0 C:\xampp4\htdocs\alrasyid-software\sitanink\modules\admin\review\views\v_review.php(33): CodeIgniter\Debug\Exceptions->errorHandler(2, 'Undefined prope...', 'C:\\xampp4\\htdoc...', 33)
#1 C:\xampp4\htdocs\alrasyid-software\sitanink\system\View\View.php(214): include('C:\\xampp4\\htdoc...')
#2 C:\xampp4\htdocs\alrasyid-software\sitanink\system\View\View.php(217): CodeIgniter\View\View->CodeIgniter\View\{closure}()
#3 C:\xampp4\htdocs\alrasyid-software\sitanink\modules\shared\core\controllers\BaseWebController.php(46): CodeIgniter\View\View->render('modules\\admin\\r...', Array, true)
#4 C:\xampp4\htdocs\alrasyid-software\sitanink\modules\admin\review\controllers\ReviewController.php(39): Modules\Shared\Core\Controllers\BaseWebController->renderView('v_review', Array)
#5 C:\xampp4\htdocs\alrasyid-software\sitanink\system\CodeIgniter.php(802): Modules\Admin\Review\Controllers\ReviewController->index()
#6 C:\xampp4\htdocs\alrasyid-software\sitanink\system\CodeIgniter.php(399): CodeIgniter\CodeIgniter->runController(Object(Modules\Admin\Review\Controllers\ReviewController))
#7 C:\xampp4\htdocs\alrasyid-software\sitanink\system\CodeIgniter.php(317): CodeIgniter\CodeIgniter->handleRequest(NULL, Object(Config\Cache), false)
#8 C:\xampp4\htdocs\alrasyid-software\sitanink\public\index.php(53): CodeIgniter\CodeIgniter->run()
#9 {main}
CRITICAL - 2022-05-27 14:22:58 --> Undefined property: stdClass::$deleted_at
#0 C:\xampp4\htdocs\alrasyid-software\sitanink\modules\admin\review\views\v_review.php(33): CodeIgniter\Debug\Exceptions->errorHandler(2, 'Undefined prope...', 'C:\\xampp4\\htdoc...', 33)
#1 C:\xampp4\htdocs\alrasyid-software\sitanink\system\View\View.php(214): include('C:\\xampp4\\htdoc...')
#2 C:\xampp4\htdocs\alrasyid-software\sitanink\system\View\View.php(217): CodeIgniter\View\View->CodeIgniter\View\{closure}()
#3 C:\xampp4\htdocs\alrasyid-software\sitanink\modules\shared\core\controllers\BaseWebController.php(46): CodeIgniter\View\View->render('modules\\admin\\r...', Array, true)
#4 C:\xampp4\htdocs\alrasyid-software\sitanink\modules\admin\review\controllers\ReviewController.php(39): Modules\Shared\Core\Controllers\BaseWebController->renderView('v_review', Array)
#5 C:\xampp4\htdocs\alrasyid-software\sitanink\system\CodeIgniter.php(802): Modules\Admin\Review\Controllers\ReviewController->index()
#6 C:\xampp4\htdocs\alrasyid-software\sitanink\system\CodeIgniter.php(399): CodeIgniter\CodeIgniter->runController(Object(Modules\Admin\Review\Controllers\ReviewController))
#7 C:\xampp4\htdocs\alrasyid-software\sitanink\system\CodeIgniter.php(317): CodeIgniter\CodeIgniter->handleRequest(NULL, Object(Config\Cache), false)
#8 C:\xampp4\htdocs\alrasyid-software\sitanink\public\index.php(53): CodeIgniter\CodeIgniter->run()
#9 {main}
CRITICAL - 2022-05-27 14:23:02 --> Undefined property: stdClass::$deleted_at
#0 C:\xampp4\htdocs\alrasyid-software\sitanink\modules\admin\review\views\v_review.php(33): CodeIgniter\Debug\Exceptions->errorHandler(2, 'Undefined prope...', 'C:\\xampp4\\htdoc...', 33)
#1 C:\xampp4\htdocs\alrasyid-software\sitanink\system\View\View.php(214): include('C:\\xampp4\\htdoc...')
#2 C:\xampp4\htdocs\alrasyid-software\sitanink\system\View\View.php(217): CodeIgniter\View\View->CodeIgniter\View\{closure}()
#3 C:\xampp4\htdocs\alrasyid-software\sitanink\modules\shared\core\controllers\BaseWebController.php(46): CodeIgniter\View\View->render('modules\\admin\\r...', Array, true)
#4 C:\xampp4\htdocs\alrasyid-software\sitanink\modules\admin\review\controllers\ReviewController.php(39): Modules\Shared\Core\Controllers\BaseWebController->renderView('v_review', Array)
#5 C:\xampp4\htdocs\alrasyid-software\sitanink\system\CodeIgniter.php(802): Modules\Admin\Review\Controllers\ReviewController->index()
#6 C:\xampp4\htdocs\alrasyid-software\sitanink\system\CodeIgniter.php(399): CodeIgniter\CodeIgniter->runController(Object(Modules\Admin\Review\Controllers\ReviewController))
#7 C:\xampp4\htdocs\alrasyid-software\sitanink\system\CodeIgniter.php(317): CodeIgniter\CodeIgniter->handleRequest(NULL, Object(Config\Cache), false)
#8 C:\xampp4\htdocs\alrasyid-software\sitanink\public\index.php(53): CodeIgniter\CodeIgniter->run()
#9 {main}
CRITICAL - 2022-05-27 14:41:47 --> Undefined property: stdClass::$id
#0 C:\xampp4\htdocs\alrasyid-software\sitanink\modules\admin\review\controllers\ReviewController.php(106): CodeIgniter\Debug\Exceptions->errorHandler(2, 'Undefined prope...', 'C:\\xampp4\\htdoc...', 106)
#1 C:\xampp4\htdocs\alrasyid-software\sitanink\system\CodeIgniter.php(802): Modules\Admin\Review\Controllers\ReviewController->doConfirm('6')
#2 C:\xampp4\htdocs\alrasyid-software\sitanink\system\CodeIgniter.php(399): CodeIgniter\CodeIgniter->runController(Object(Modules\Admin\Review\Controllers\ReviewController))
#3 C:\xampp4\htdocs\alrasyid-software\sitanink\system\CodeIgniter.php(317): CodeIgniter\CodeIgniter->handleRequest(NULL, Object(Config\Cache), false)
#4 C:\xampp4\htdocs\alrasyid-software\sitanink\public\index.php(53): CodeIgniter\CodeIgniter->run()
#5 {main}
ERROR - 2022-05-27 15:25:51 --> Cannot delete or update a parent row: a foreign key constraint fails (`sitanink_db`.`pekerja_berkas`, CONSTRAINT `pekerja_berkas_ibfk_1` FOREIGN KEY (`id_pekerja`) REFERENCES `pekerja` (`id`))
CRITICAL - 2022-05-27 15:25:51 --> Cannot delete or update a parent row: a foreign key constraint fails (`sitanink_db`.`pekerja_berkas`, CONSTRAINT `pekerja_berkas_ibfk_1` FOREIGN KEY (`id_pekerja`) REFERENCES `pekerja` (`id`))
#0 C:\xampp4\htdocs\alrasyid-software\sitanink\system\Database\MySQLi\Connection.php(280): mysqli->query('DELETE FROM `pe...')
#1 C:\xampp4\htdocs\alrasyid-software\sitanink\system\Database\BaseConnection.php(663): CodeIgniter\Database\MySQLi\Connection->execute('DELETE FROM `pe...')
#2 C:\xampp4\htdocs\alrasyid-software\sitanink\system\Database\BaseConnection.php(591): CodeIgniter\Database\BaseConnection->simpleQuery('DELETE FROM `pe...')
#3 C:\xampp4\htdocs\alrasyid-software\sitanink\system\Database\BaseBuilder.php(2175): CodeIgniter\Database\BaseConnection->query('DELETE FROM `pe...', Array, false)
#4 C:\xampp4\htdocs\alrasyid-software\sitanink\modules\admin\pekerja\models\PekerjaModel.php(255): CodeIgniter\Database\BaseBuilder->delete()
#5 C:\xampp4\htdocs\alrasyid-software\sitanink\modules\admin\pekerja\controllers\PekerjaController.php(306): Modules\Admin\Pekerja\Models\PekerjaModel->deletePekerja('14')
#6 C:\xampp4\htdocs\alrasyid-software\sitanink\system\CodeIgniter.php(802): Modules\Admin\Pekerja\Controllers\PekerjaController->delete('14')
#7 C:\xampp4\htdocs\alrasyid-software\sitanink\system\CodeIgniter.php(399): CodeIgniter\CodeIgniter->runController(Object(Modules\Admin\Pekerja\Controllers\PekerjaController))
#8 C:\xampp4\htdocs\alrasyid-software\sitanink\system\CodeIgniter.php(317): CodeIgniter\CodeIgniter->handleRequest(NULL, Object(Config\Cache), false)
#9 C:\xampp4\htdocs\alrasyid-software\sitanink\public\index.php(53): CodeIgniter\CodeIgniter->run()
#10 {main}
ERROR - 2022-05-27 15:26:01 --> Cannot delete or update a parent row: a foreign key constraint fails (`sitanink_db`.`pekerja_berkas`, CONSTRAINT `pekerja_berkas_ibfk_1` FOREIGN KEY (`id_pekerja`) REFERENCES `pekerja` (`id`))
CRITICAL - 2022-05-27 15:26:01 --> Cannot delete or update a parent row: a foreign key constraint fails (`sitanink_db`.`pekerja_berkas`, CONSTRAINT `pekerja_berkas_ibfk_1` FOREIGN KEY (`id_pekerja`) REFERENCES `pekerja` (`id`))
#0 C:\xampp4\htdocs\alrasyid-software\sitanink\system\Database\MySQLi\Connection.php(280): mysqli->query('DELETE FROM `pe...')
#1 C:\xampp4\htdocs\alrasyid-software\sitanink\system\Database\BaseConnection.php(663): CodeIgniter\Database\MySQLi\Connection->execute('DELETE FROM `pe...')
#2 C:\xampp4\htdocs\alrasyid-software\sitanink\system\Database\BaseConnection.php(591): CodeIgniter\Database\BaseConnection->simpleQuery('DELETE FROM `pe...')
#3 C:\xampp4\htdocs\alrasyid-software\sitanink\system\Database\BaseBuilder.php(2175): CodeIgniter\Database\BaseConnection->query('DELETE FROM `pe...', Array, false)
#4 C:\xampp4\htdocs\alrasyid-software\sitanink\modules\admin\pekerja\models\PekerjaModel.php(255): CodeIgniter\Database\BaseBuilder->delete()
#5 C:\xampp4\htdocs\alrasyid-software\sitanink\modules\admin\pekerja\controllers\PekerjaController.php(306): Modules\Admin\Pekerja\Models\PekerjaModel->deletePekerja('13')
#6 C:\xampp4\htdocs\alrasyid-software\sitanink\system\CodeIgniter.php(802): Modules\Admin\Pekerja\Controllers\PekerjaController->delete('13')
#7 C:\xampp4\htdocs\alrasyid-software\sitanink\system\CodeIgniter.php(399): CodeIgniter\CodeIgniter->runController(Object(Modules\Admin\Pekerja\Controllers\PekerjaController))
#8 C:\xampp4\htdocs\alrasyid-software\sitanink\system\CodeIgniter.php(317): CodeIgniter\CodeIgniter->handleRequest(NULL, Object(Config\Cache), false)
#9 C:\xampp4\htdocs\alrasyid-software\sitanink\public\index.php(53): CodeIgniter\CodeIgniter->run()
#10 {main}
CRITICAL - 2022-05-27 15:56:55 --> Undefined variable $berkasData
#0 C:\xampp4\htdocs\alrasyid-software\sitanink\modules\admin\pekerja\views\v_detail.php(46): CodeIgniter\Debug\Exceptions->errorHandler(2, 'Undefined varia...', 'C:\\xampp4\\htdoc...', 46)
#1 C:\xampp4\htdocs\alrasyid-software\sitanink\system\View\View.php(214): include('C:\\xampp4\\htdoc...')
#2 C:\xampp4\htdocs\alrasyid-software\sitanink\system\View\View.php(217): CodeIgniter\View\View->CodeIgniter\View\{closure}()
#3 C:\xampp4\htdocs\alrasyid-software\sitanink\modules\shared\core\controllers\BaseWebController.php(46): CodeIgniter\View\View->render('modules\\admin\\p...', Array, true)
#4 C:\xampp4\htdocs\alrasyid-software\sitanink\modules\admin\pekerja\controllers\PekerjaController.php(318): Modules\Shared\Core\Controllers\BaseWebController->renderView('v_detail', Array)
#5 C:\xampp4\htdocs\alrasyid-software\sitanink\system\CodeIgniter.php(802): Modules\Admin\Pekerja\Controllers\PekerjaController->get('15')
#6 C:\xampp4\htdocs\alrasyid-software\sitanink\system\CodeIgniter.php(399): CodeIgniter\CodeIgniter->runController(Object(Modules\Admin\Pekerja\Controllers\PekerjaController))
#7 C:\xampp4\htdocs\alrasyid-software\sitanink\system\CodeIgniter.php(317): CodeIgniter\CodeIgniter->handleRequest(NULL, Object(Config\Cache), false)
#8 C:\xampp4\htdocs\alrasyid-software\sitanink\public\index.php(53): CodeIgniter\CodeIgniter->run()
#9 {main}
CRITICAL - 2022-05-27 19:55:47 --> Undefined variable $berkasData
#0 C:\xampp4\htdocs\alrasyid-software\sitanink\modules\admin\pekerja\views\v_detail.php(14): CodeIgniter\Debug\Exceptions->errorHandler(2, 'Undefined varia...', 'C:\\xampp4\\htdoc...', 14)
#1 C:\xampp4\htdocs\alrasyid-software\sitanink\system\View\View.php(214): include('C:\\xampp4\\htdoc...')
#2 C:\xampp4\htdocs\alrasyid-software\sitanink\system\View\View.php(217): CodeIgniter\View\View->CodeIgniter\View\{closure}()
#3 C:\xampp4\htdocs\alrasyid-software\sitanink\modules\shared\core\controllers\BaseWebController.php(46): CodeIgniter\View\View->render('modules\\admin\\p...', Array, true)
#4 C:\xampp4\htdocs\alrasyid-software\sitanink\modules\admin\pekerja\controllers\PekerjaController.php(337): Modules\Shared\Core\Controllers\BaseWebController->renderView('v_detail', Array)
#5 C:\xampp4\htdocs\alrasyid-software\sitanink\system\CodeIgniter.php(802): Modules\Admin\Pekerja\Controllers\PekerjaController->get('1')
#6 C:\xampp4\htdocs\alrasyid-software\sitanink\system\CodeIgniter.php(399): CodeIgniter\CodeIgniter->runController(Object(Modules\Admin\Pekerja\Controllers\PekerjaController))
#7 C:\xampp4\htdocs\alrasyid-software\sitanink\system\CodeIgniter.php(317): CodeIgniter\CodeIgniter->handleRequest(NULL, Object(Config\Cache), false)
#8 C:\xampp4\htdocs\alrasyid-software\sitanink\public\index.php(53): CodeIgniter\CodeIgniter->run()
#9 {main}
CRITICAL - 2022-05-27 19:55:59 --> Undefined array key "foto"
#0 C:\xampp4\htdocs\alrasyid-software\sitanink\modules\admin\pekerja\views\v_detail.php(14): CodeIgniter\Debug\Exceptions->errorHandler(2, 'Undefined array...', 'C:\\xampp4\\htdoc...', 14)
#1 C:\xampp4\htdocs\alrasyid-software\sitanink\system\View\View.php(214): include('C:\\xampp4\\htdoc...')
#2 C:\xampp4\htdocs\alrasyid-software\sitanink\system\View\View.php(217): CodeIgniter\View\View->CodeIgniter\View\{closure}()
#3 C:\xampp4\htdocs\alrasyid-software\sitanink\modules\shared\core\controllers\BaseWebController.php(46): CodeIgniter\View\View->render('modules\\admin\\p...', Array, true)
#4 C:\xampp4\htdocs\alrasyid-software\sitanink\modules\admin\pekerja\controllers\PekerjaController.php(337): Modules\Shared\Core\Controllers\BaseWebController->renderView('v_detail', Array)
#5 C:\xampp4\htdocs\alrasyid-software\sitanink\system\CodeIgniter.php(802): Modules\Admin\Pekerja\Controllers\PekerjaController->get('1')
#6 C:\xampp4\htdocs\alrasyid-software\sitanink\system\CodeIgniter.php(399): CodeIgniter\CodeIgniter->runController(Object(Modules\Admin\Pekerja\Controllers\PekerjaController))
#7 C:\xampp4\htdocs\alrasyid-software\sitanink\system\CodeIgniter.php(317): CodeIgniter\CodeIgniter->handleRequest(NULL, Object(Config\Cache), false)
#8 C:\xampp4\htdocs\alrasyid-software\sitanink\public\index.php(53): CodeIgniter\CodeIgniter->run()
#9 {main}
CRITICAL - 2022-05-27 19:56:30 --> Undefined array key "foto"
#0 C:\xampp4\htdocs\alrasyid-software\sitanink\modules\admin\pekerja\views\v_detail.php(14): CodeIgniter\Debug\Exceptions->errorHandler(2, 'Undefined array...', 'C:\\xampp4\\htdoc...', 14)
#1 C:\xampp4\htdocs\alrasyid-software\sitanink\system\View\View.php(214): include('C:\\xampp4\\htdoc...')
#2 C:\xampp4\htdocs\alrasyid-software\sitanink\system\View\View.php(217): CodeIgniter\View\View->CodeIgniter\View\{closure}()
#3 C:\xampp4\htdocs\alrasyid-software\sitanink\modules\shared\core\controllers\BaseWebController.php(46): CodeIgniter\View\View->render('modules\\admin\\p...', Array, true)
#4 C:\xampp4\htdocs\alrasyid-software\sitanink\modules\admin\pekerja\controllers\PekerjaController.php(337): Modules\Shared\Core\Controllers\BaseWebController->renderView('v_detail', Array)
#5 C:\xampp4\htdocs\alrasyid-software\sitanink\system\CodeIgniter.php(802): Modules\Admin\Pekerja\Controllers\PekerjaController->get('1')
#6 C:\xampp4\htdocs\alrasyid-software\sitanink\system\CodeIgniter.php(399): CodeIgniter\CodeIgniter->runController(Object(Modules\Admin\Pekerja\Controllers\PekerjaController))
#7 C:\xampp4\htdocs\alrasyid-software\sitanink\system\CodeIgniter.php(317): CodeIgniter\CodeIgniter->handleRequest(NULL, Object(Config\Cache), false)
#8 C:\xampp4\htdocs\alrasyid-software\sitanink\public\index.php(53): CodeIgniter\CodeIgniter->run()
#9 {main}
CRITICAL - 2022-05-27 19:57:21 --> Undefined array key "foto"
#0 C:\xampp4\htdocs\alrasyid-software\sitanink\modules\admin\pekerja\views\v_detail.php(15): CodeIgniter\Debug\Exceptions->errorHandler(2, 'Undefined array...', 'C:\\xampp4\\htdoc...', 15)
#1 C:\xampp4\htdocs\alrasyid-software\sitanink\system\View\View.php(214): include('C:\\xampp4\\htdoc...')
#2 C:\xampp4\htdocs\alrasyid-software\sitanink\system\View\View.php(217): CodeIgniter\View\View->CodeIgniter\View\{closure}()
#3 C:\xampp4\htdocs\alrasyid-software\sitanink\modules\shared\core\controllers\BaseWebController.php(46): CodeIgniter\View\View->render('modules\\admin\\p...', Array, true)
#4 C:\xampp4\htdocs\alrasyid-software\sitanink\modules\admin\pekerja\controllers\PekerjaController.php(337): Modules\Shared\Core\Controllers\BaseWebController->renderView('v_detail', Array)
#5 C:\xampp4\htdocs\alrasyid-software\sitanink\system\CodeIgniter.php(802): Modules\Admin\Pekerja\Controllers\PekerjaController->get('1')
#6 C:\xampp4\htdocs\alrasyid-software\sitanink\system\CodeIgniter.php(399): CodeIgniter\CodeIgniter->runController(Object(Modules\Admin\Pekerja\Controllers\PekerjaController))
#7 C:\xampp4\htdocs\alrasyid-software\sitanink\system\CodeIgniter.php(317): CodeIgniter\CodeIgniter->handleRequest(NULL, Object(Config\Cache), false)
#8 C:\xampp4\htdocs\alrasyid-software\sitanink\public\index.php(53): CodeIgniter\CodeIgniter->run()
#9 {main}
CRITICAL - 2022-05-27 20:03:31 --> Undefined array key "foto"
#0 C:\xampp4\htdocs\alrasyid-software\sitanink\modules\admin\pekerja\views\v_detail.php(15): CodeIgniter\Debug\Exceptions->errorHandler(2, 'Undefined array...', 'C:\\xampp4\\htdoc...', 15)
#1 C:\xampp4\htdocs\alrasyid-software\sitanink\system\View\View.php(214): include('C:\\xampp4\\htdoc...')
#2 C:\xampp4\htdocs\alrasyid-software\sitanink\system\View\View.php(217): CodeIgniter\View\View->CodeIgniter\View\{closure}()
#3 C:\xampp4\htdocs\alrasyid-software\sitanink\modules\shared\core\controllers\BaseWebController.php(46): CodeIgniter\View\View->render('modules\\admin\\p...', Array, true)
#4 C:\xampp4\htdocs\alrasyid-software\sitanink\modules\admin\pekerja\controllers\PekerjaController.php(338): Modules\Shared\Core\Controllers\BaseWebController->renderView('v_detail', Array)
#5 C:\xampp4\htdocs\alrasyid-software\sitanink\system\CodeIgniter.php(802): Modules\Admin\Pekerja\Controllers\PekerjaController->get('15')
#6 C:\xampp4\htdocs\alrasyid-software\sitanink\system\CodeIgniter.php(399): CodeIgniter\CodeIgniter->runController(Object(Modules\Admin\Pekerja\Controllers\PekerjaController))
#7 C:\xampp4\htdocs\alrasyid-software\sitanink\system\CodeIgniter.php(317): CodeIgniter\CodeIgniter->handleRequest(NULL, Object(Config\Cache), false)
#8 C:\xampp4\htdocs\alrasyid-software\sitanink\public\index.php(53): CodeIgniter\CodeIgniter->run()
#9 {main}
