CRITICAL - 2022-05-20 18:52:27 --> Cannot use isset() on the result of an expression (you can use "null !== expression" instead)
#0 [internal function]: CodeIgniter\Debug\Exceptions->shutdownHandler()
#1 {main}
CRITICAL - 2022-05-20 19:22:14 --> Cannot use isset() on the result of an expression (you can use "null !== expression" instead)
#0 [internal function]: CodeIgniter\Debug\Exceptions->shutdownHandler()
#1 {main}
CRITICAL - 2022-05-20 21:11:13 --> Undefined array key 0
#0 C:\xampp4\htdocs\alrasyid-software\sitanink\system\Router\RouteCollection.php(1119): CodeIgniter\Debug\Exceptions->errorHandler(2, 'Undefined array...', 'C:\\xampp4\\htdoc...', 1119)
#1 C:\xampp4\htdocs\alrasyid-software\sitanink\system\Router\RouteCollection.php(996): CodeIgniter\Router\RouteCollection->fillRouteParams('user/([^/]+)/ch...', Array)
#2 C:\xampp4\htdocs\alrasyid-software\sitanink\system\Common.php(886): CodeIgniter\Router\RouteCollection->reverseRoute('user.do-change-...')
#3 C:\xampp4\htdocs\alrasyid-software\sitanink\modules\admin\user\views\v_reset_pass.php(9): route_to('user.do-change-...')
#4 C:\xampp4\htdocs\alrasyid-software\sitanink\system\View\View.php(214): include('C:\\xampp4\\htdoc...')
#5 C:\xampp4\htdocs\alrasyid-software\sitanink\system\View\View.php(217): CodeIgniter\View\View->CodeIgniter\View\{closure}()
#6 C:\xampp4\htdocs\alrasyid-software\sitanink\modules\shared\core\controllers\BaseWebController.php(39): CodeIgniter\View\View->render('modules\\admin\\u...', Array, true)
#7 C:\xampp4\htdocs\alrasyid-software\sitanink\modules\admin\user\controllers\UserController.php(156): Modules\Shared\Core\Controllers\BaseWebController->renderView('v_reset_pass', Array)
#8 C:\xampp4\htdocs\alrasyid-software\sitanink\system\CodeIgniter.php(802): Modules\Admin\User\Controllers\UserController->changePass('2')
#9 C:\xampp4\htdocs\alrasyid-software\sitanink\system\CodeIgniter.php(399): CodeIgniter\CodeIgniter->runController(Object(Modules\Admin\User\Controllers\UserController))
#10 C:\xampp4\htdocs\alrasyid-software\sitanink\system\CodeIgniter.php(317): CodeIgniter\CodeIgniter->handleRequest(NULL, Object(Config\Cache), false)
#11 C:\xampp4\htdocs\alrasyid-software\sitanink\public\index.php(53): CodeIgniter\CodeIgniter->run()
#12 {main}
CRITICAL - 2022-05-20 21:12:09 --> You must set the database table to be used with your query.
#0 C:\xampp4\htdocs\alrasyid-software\sitanink\system\Model.php(545): CodeIgniter\Database\BaseConnection->table(NULL)
#1 C:\xampp4\htdocs\alrasyid-software\sitanink\system\Model.php(719): CodeIgniter\Model->builder()
#2 C:\xampp4\htdocs\alrasyid-software\sitanink\modules\admin\user\controllers\UserController.php(200): CodeIgniter\Model->__call('changePass', Array)
#3 C:\xampp4\htdocs\alrasyid-software\sitanink\system\CodeIgniter.php(802): Modules\Admin\User\Controllers\UserController->doChangePass('2')
#4 C:\xampp4\htdocs\alrasyid-software\sitanink\system\CodeIgniter.php(399): CodeIgniter\CodeIgniter->runController(Object(Modules\Admin\User\Controllers\UserController))
#5 C:\xampp4\htdocs\alrasyid-software\sitanink\system\CodeIgniter.php(317): CodeIgniter\CodeIgniter->handleRequest(NULL, Object(Config\Cache), false)
#6 C:\xampp4\htdocs\alrasyid-software\sitanink\public\index.php(53): CodeIgniter\CodeIgniter->run()
#7 {main}
CRITICAL - 2022-05-20 21:34:00 --> Undefined array key 0
#0 C:\xampp4\htdocs\alrasyid-software\sitanink\system\Router\RouteCollection.php(1119): CodeIgniter\Debug\Exceptions->errorHandler(2, 'Undefined array...', 'C:\\xampp4\\htdoc...', 1119)
#1 C:\xampp4\htdocs\alrasyid-software\sitanink\system\Router\RouteCollection.php(996): CodeIgniter\Router\RouteCollection->fillRouteParams('user/([^/]+)/up...', Array)
#2 C:\xampp4\htdocs\alrasyid-software\sitanink\system\Common.php(886): CodeIgniter\Router\RouteCollection->reverseRoute('user.update')
#3 C:\xampp4\htdocs\alrasyid-software\sitanink\modules\admin\user\views\v_edit.php(14): route_to('user.update')
#4 C:\xampp4\htdocs\alrasyid-software\sitanink\system\View\View.php(214): include('C:\\xampp4\\htdoc...')
#5 C:\xampp4\htdocs\alrasyid-software\sitanink\system\View\View.php(217): CodeIgniter\View\View->CodeIgniter\View\{closure}()
#6 C:\xampp4\htdocs\alrasyid-software\sitanink\modules\shared\core\controllers\BaseWebController.php(39): CodeIgniter\View\View->render('modules\\admin\\u...', Array, true)
#7 C:\xampp4\htdocs\alrasyid-software\sitanink\modules\admin\user\controllers\UserController.php(227): Modules\Shared\Core\Controllers\BaseWebController->renderView('v_edit', Array)
#8 C:\xampp4\htdocs\alrasyid-software\sitanink\system\CodeIgniter.php(802): Modules\Admin\User\Controllers\UserController->edit('1')
#9 C:\xampp4\htdocs\alrasyid-software\sitanink\system\CodeIgniter.php(399): CodeIgniter\CodeIgniter->runController(Object(Modules\Admin\User\Controllers\UserController))
#10 C:\xampp4\htdocs\alrasyid-software\sitanink\system\CodeIgniter.php(317): CodeIgniter\CodeIgniter->handleRequest(NULL, Object(Config\Cache), false)
#11 C:\xampp4\htdocs\alrasyid-software\sitanink\public\index.php(53): CodeIgniter\CodeIgniter->run()
#12 {main}
CRITICAL - 2022-05-20 21:45:55 --> Trying to access array offset on value of type null
#0 C:\xampp4\htdocs\alrasyid-software\sitanink\modules\shared\core\views\sidebar.php(10): CodeIgniter\Debug\Exceptions->errorHandler(2, 'Trying to acces...', 'C:\\xampp4\\htdoc...', 10)
#1 C:\xampp4\htdocs\alrasyid-software\sitanink\system\View\View.php(214): include('C:\\xampp4\\htdoc...')
#2 C:\xampp4\htdocs\alrasyid-software\sitanink\system\View\View.php(217): CodeIgniter\View\View->CodeIgniter\View\{closure}()
#3 C:\xampp4\htdocs\alrasyid-software\sitanink\system\View\View.php(432): CodeIgniter\View\View->render('modules/shared/...', NULL, true)
#4 C:\xampp4\htdocs\alrasyid-software\sitanink\modules\shared\core\views\layout.php(67): CodeIgniter\View\View->include('modules/shared/...')
#5 C:\xampp4\htdocs\alrasyid-software\sitanink\system\View\View.php(214): include('C:\\xampp4\\htdoc...')
#6 C:\xampp4\htdocs\alrasyid-software\sitanink\system\View\View.php(217): CodeIgniter\View\View->CodeIgniter\View\{closure}()
#7 C:\xampp4\htdocs\alrasyid-software\sitanink\system\View\View.php(230): CodeIgniter\View\View->render('modules/shared/...', Array, true)
#8 C:\xampp4\htdocs\alrasyid-software\sitanink\modules\shared\core\controllers\BaseWebController.php(39): CodeIgniter\View\View->render('modules\\admin\\u...', Array, true)
#9 C:\xampp4\htdocs\alrasyid-software\sitanink\modules\admin\user\controllers\UserController.php(26): Modules\Shared\Core\Controllers\BaseWebController->renderView('v_index', Array)
#10 C:\xampp4\htdocs\alrasyid-software\sitanink\system\CodeIgniter.php(802): Modules\Admin\User\Controllers\UserController->index()
#11 C:\xampp4\htdocs\alrasyid-software\sitanink\system\CodeIgniter.php(399): CodeIgniter\CodeIgniter->runController(Object(Modules\Admin\User\Controllers\UserController))
#12 C:\xampp4\htdocs\alrasyid-software\sitanink\system\CodeIgniter.php(317): CodeIgniter\CodeIgniter->handleRequest(NULL, Object(Config\Cache), false)
#13 C:\xampp4\htdocs\alrasyid-software\sitanink\public\index.php(53): CodeIgniter\CodeIgniter->run()
#14 {main}
