CRITICAL - 2022-05-21 15:08:49 --> You must set the database table to be used with your query.
#0 C:\xampp4\htdocs\alrasyid-software\sitanink\system\Model.php(545): CodeIgniter\Database\BaseConnection->table(NULL)
#1 C:\xampp4\htdocs\alrasyid-software\sitanink\system\Model.php(333): CodeIgniter\Model->builder()
#2 C:\xampp4\htdocs\alrasyid-software\sitanink\system\BaseModel.php(963): CodeIgniter\Model->doDelete(Array, false)
#3 C:\xampp4\htdocs\alrasyid-software\sitanink\modules\admin\user\controllers\UserController.php(276): CodeIgniter\BaseModel->delete(Array)
#4 C:\xampp4\htdocs\alrasyid-software\sitanink\system\CodeIgniter.php(802): Modules\Admin\User\Controllers\UserController->delete('8')
#5 C:\xampp4\htdocs\alrasyid-software\sitanink\system\CodeIgniter.php(399): CodeIgniter\CodeIgniter->runController(Object(Modules\Admin\User\Controllers\UserController))
#6 C:\xampp4\htdocs\alrasyid-software\sitanink\system\CodeIgniter.php(317): CodeIgniter\CodeIgniter->handleRequest(NULL, Object(Config\Cache), false)
#7 C:\xampp4\htdocs\alrasyid-software\sitanink\public\index.php(53): CodeIgniter\CodeIgniter->run()
#8 {main}
CRITICAL - 2022-05-21 16:01:21 --> Class "Modules\Admin\Pekerja\Controllers\ResponseInterface" not found
#0 C:\xampp4\htdocs\alrasyid-software\sitanink\system\CodeIgniter.php(802): Modules\Admin\Pekerja\Controllers\PekerjaController->getData()
#1 C:\xampp4\htdocs\alrasyid-software\sitanink\system\CodeIgniter.php(399): CodeIgniter\CodeIgniter->runController(Object(Modules\Admin\Pekerja\Controllers\PekerjaController))
#2 C:\xampp4\htdocs\alrasyid-software\sitanink\system\CodeIgniter.php(317): CodeIgniter\CodeIgniter->handleRequest(NULL, Object(Config\Cache), false)
#3 C:\xampp4\htdocs\alrasyid-software\sitanink\public\index.php(53): CodeIgniter\CodeIgniter->run()
#4 {main}
CRITICAL - 2022-05-21 19:06:37 --> Trying to access array offset on value of type null
#0 C:\xampp4\htdocs\alrasyid-software\sitanink\modules\shared\core\views\sidebar.php(10): CodeIgniter\Debug\Exceptions->errorHandler(2, 'Trying to acces...', 'C:\\xampp4\\htdoc...', 10)
#1 C:\xampp4\htdocs\alrasyid-software\sitanink\system\View\View.php(214): include('C:\\xampp4\\htdoc...')
#2 C:\xampp4\htdocs\alrasyid-software\sitanink\system\View\View.php(217): CodeIgniter\View\View->CodeIgniter\View\{closure}()
#3 C:\xampp4\htdocs\alrasyid-software\sitanink\system\View\View.php(432): CodeIgniter\View\View->render('modules/shared/...', NULL, true)
#4 C:\xampp4\htdocs\alrasyid-software\sitanink\modules\shared\core\views\layout.php(67): CodeIgniter\View\View->include('modules/shared/...')
#5 C:\xampp4\htdocs\alrasyid-software\sitanink\system\View\View.php(214): include('C:\\xampp4\\htdoc...')
#6 C:\xampp4\htdocs\alrasyid-software\sitanink\system\View\View.php(217): CodeIgniter\View\View->CodeIgniter\View\{closure}()
#7 C:\xampp4\htdocs\alrasyid-software\sitanink\system\View\View.php(230): CodeIgniter\View\View->render('modules/shared/...', Array, true)
#8 C:\xampp4\htdocs\alrasyid-software\sitanink\modules\shared\core\controllers\BaseWebController.php(39): CodeIgniter\View\View->render('modules\\admin\\p...', Array, true)
#9 C:\xampp4\htdocs\alrasyid-software\sitanink\modules\admin\pekerja\controllers\PekerjaController.php(81): Modules\Shared\Core\Controllers\BaseWebController->renderView('v_add', Array)
#10 C:\xampp4\htdocs\alrasyid-software\sitanink\system\CodeIgniter.php(802): Modules\Admin\Pekerja\Controllers\PekerjaController->add()
#11 C:\xampp4\htdocs\alrasyid-software\sitanink\system\CodeIgniter.php(399): CodeIgniter\CodeIgniter->runController(Object(Modules\Admin\Pekerja\Controllers\PekerjaController))
#12 C:\xampp4\htdocs\alrasyid-software\sitanink\system\CodeIgniter.php(317): CodeIgniter\CodeIgniter->handleRequest(NULL, Object(Config\Cache), false)
#13 C:\xampp4\htdocs\alrasyid-software\sitanink\public\index.php(53): CodeIgniter\CodeIgniter->run()
#14 {main}
CRITICAL - 2022-05-21 19:06:51 --> Trying to access array offset on value of type null
#0 C:\xampp4\htdocs\alrasyid-software\sitanink\modules\shared\core\views\sidebar.php(10): CodeIgniter\Debug\Exceptions->errorHandler(2, 'Trying to acces...', 'C:\\xampp4\\htdoc...', 10)
#1 C:\xampp4\htdocs\alrasyid-software\sitanink\system\View\View.php(214): include('C:\\xampp4\\htdoc...')
#2 C:\xampp4\htdocs\alrasyid-software\sitanink\system\View\View.php(217): CodeIgniter\View\View->CodeIgniter\View\{closure}()
#3 C:\xampp4\htdocs\alrasyid-software\sitanink\system\View\View.php(432): CodeIgniter\View\View->render('modules/shared/...', NULL, true)
#4 C:\xampp4\htdocs\alrasyid-software\sitanink\modules\shared\core\views\layout.php(67): CodeIgniter\View\View->include('modules/shared/...')
#5 C:\xampp4\htdocs\alrasyid-software\sitanink\system\View\View.php(214): include('C:\\xampp4\\htdoc...')
#6 C:\xampp4\htdocs\alrasyid-software\sitanink\system\View\View.php(217): CodeIgniter\View\View->CodeIgniter\View\{closure}()
#7 C:\xampp4\htdocs\alrasyid-software\sitanink\system\View\View.php(230): CodeIgniter\View\View->render('modules/shared/...', Array, true)
#8 C:\xampp4\htdocs\alrasyid-software\sitanink\modules\shared\core\controllers\BaseWebController.php(39): CodeIgniter\View\View->render('modules\\admin\\p...', Array, true)
#9 C:\xampp4\htdocs\alrasyid-software\sitanink\modules\admin\pekerja\controllers\PekerjaController.php(81): Modules\Shared\Core\Controllers\BaseWebController->renderView('v_add', Array)
#10 C:\xampp4\htdocs\alrasyid-software\sitanink\system\CodeIgniter.php(802): Modules\Admin\Pekerja\Controllers\PekerjaController->add()
#11 C:\xampp4\htdocs\alrasyid-software\sitanink\system\CodeIgniter.php(399): CodeIgniter\CodeIgniter->runController(Object(Modules\Admin\Pekerja\Controllers\PekerjaController))
#12 C:\xampp4\htdocs\alrasyid-software\sitanink\system\CodeIgniter.php(317): CodeIgniter\CodeIgniter->handleRequest(NULL, Object(Config\Cache), false)
#13 C:\xampp4\htdocs\alrasyid-software\sitanink\public\index.php(53): CodeIgniter\CodeIgniter->run()
#14 {main}
CRITICAL - 2022-05-21 19:06:52 --> Trying to access array offset on value of type null
#0 C:\xampp4\htdocs\alrasyid-software\sitanink\modules\shared\core\views\sidebar.php(10): CodeIgniter\Debug\Exceptions->errorHandler(2, 'Trying to acces...', 'C:\\xampp4\\htdoc...', 10)
#1 C:\xampp4\htdocs\alrasyid-software\sitanink\system\View\View.php(214): include('C:\\xampp4\\htdoc...')
#2 C:\xampp4\htdocs\alrasyid-software\sitanink\system\View\View.php(217): CodeIgniter\View\View->CodeIgniter\View\{closure}()
#3 C:\xampp4\htdocs\alrasyid-software\sitanink\system\View\View.php(432): CodeIgniter\View\View->render('modules/shared/...', NULL, true)
#4 C:\xampp4\htdocs\alrasyid-software\sitanink\modules\shared\core\views\layout.php(67): CodeIgniter\View\View->include('modules/shared/...')
#5 C:\xampp4\htdocs\alrasyid-software\sitanink\system\View\View.php(214): include('C:\\xampp4\\htdoc...')
#6 C:\xampp4\htdocs\alrasyid-software\sitanink\system\View\View.php(217): CodeIgniter\View\View->CodeIgniter\View\{closure}()
#7 C:\xampp4\htdocs\alrasyid-software\sitanink\system\View\View.php(230): CodeIgniter\View\View->render('modules/shared/...', Array, true)
#8 C:\xampp4\htdocs\alrasyid-software\sitanink\modules\shared\core\controllers\BaseWebController.php(39): CodeIgniter\View\View->render('modules\\admin\\p...', Array, true)
#9 C:\xampp4\htdocs\alrasyid-software\sitanink\modules\admin\pekerja\controllers\PekerjaController.php(81): Modules\Shared\Core\Controllers\BaseWebController->renderView('v_add', Array)
#10 C:\xampp4\htdocs\alrasyid-software\sitanink\system\CodeIgniter.php(802): Modules\Admin\Pekerja\Controllers\PekerjaController->add()
#11 C:\xampp4\htdocs\alrasyid-software\sitanink\system\CodeIgniter.php(399): CodeIgniter\CodeIgniter->runController(Object(Modules\Admin\Pekerja\Controllers\PekerjaController))
#12 C:\xampp4\htdocs\alrasyid-software\sitanink\system\CodeIgniter.php(317): CodeIgniter\CodeIgniter->handleRequest(NULL, Object(Config\Cache), false)
#13 C:\xampp4\htdocs\alrasyid-software\sitanink\public\index.php(53): CodeIgniter\CodeIgniter->run()
#14 {main}
CRITICAL - 2022-05-21 19:06:54 --> Trying to access array offset on value of type null
#0 C:\xampp4\htdocs\alrasyid-software\sitanink\modules\shared\core\views\sidebar.php(10): CodeIgniter\Debug\Exceptions->errorHandler(2, 'Trying to acces...', 'C:\\xampp4\\htdoc...', 10)
#1 C:\xampp4\htdocs\alrasyid-software\sitanink\system\View\View.php(214): include('C:\\xampp4\\htdoc...')
#2 C:\xampp4\htdocs\alrasyid-software\sitanink\system\View\View.php(217): CodeIgniter\View\View->CodeIgniter\View\{closure}()
#3 C:\xampp4\htdocs\alrasyid-software\sitanink\system\View\View.php(432): CodeIgniter\View\View->render('modules/shared/...', NULL, true)
#4 C:\xampp4\htdocs\alrasyid-software\sitanink\modules\shared\core\views\layout.php(67): CodeIgniter\View\View->include('modules/shared/...')
#5 C:\xampp4\htdocs\alrasyid-software\sitanink\system\View\View.php(214): include('C:\\xampp4\\htdoc...')
#6 C:\xampp4\htdocs\alrasyid-software\sitanink\system\View\View.php(217): CodeIgniter\View\View->CodeIgniter\View\{closure}()
#7 C:\xampp4\htdocs\alrasyid-software\sitanink\system\View\View.php(230): CodeIgniter\View\View->render('modules/shared/...', Array, true)
#8 C:\xampp4\htdocs\alrasyid-software\sitanink\modules\shared\core\controllers\BaseWebController.php(39): CodeIgniter\View\View->render('modules\\admin\\p...', Array, true)
#9 C:\xampp4\htdocs\alrasyid-software\sitanink\modules\admin\pekerja\controllers\PekerjaController.php(81): Modules\Shared\Core\Controllers\BaseWebController->renderView('v_add', Array)
#10 C:\xampp4\htdocs\alrasyid-software\sitanink\system\CodeIgniter.php(802): Modules\Admin\Pekerja\Controllers\PekerjaController->add()
#11 C:\xampp4\htdocs\alrasyid-software\sitanink\system\CodeIgniter.php(399): CodeIgniter\CodeIgniter->runController(Object(Modules\Admin\Pekerja\Controllers\PekerjaController))
#12 C:\xampp4\htdocs\alrasyid-software\sitanink\system\CodeIgniter.php(317): CodeIgniter\CodeIgniter->handleRequest(NULL, Object(Config\Cache), false)
#13 C:\xampp4\htdocs\alrasyid-software\sitanink\public\index.php(53): CodeIgniter\CodeIgniter->run()
#14 {main}
CRITICAL - 2022-05-21 19:06:56 --> Trying to access array offset on value of type null
#0 C:\xampp4\htdocs\alrasyid-software\sitanink\modules\shared\core\views\sidebar.php(10): CodeIgniter\Debug\Exceptions->errorHandler(2, 'Trying to acces...', 'C:\\xampp4\\htdoc...', 10)
#1 C:\xampp4\htdocs\alrasyid-software\sitanink\system\View\View.php(214): include('C:\\xampp4\\htdoc...')
#2 C:\xampp4\htdocs\alrasyid-software\sitanink\system\View\View.php(217): CodeIgniter\View\View->CodeIgniter\View\{closure}()
#3 C:\xampp4\htdocs\alrasyid-software\sitanink\system\View\View.php(432): CodeIgniter\View\View->render('modules/shared/...', NULL, true)
#4 C:\xampp4\htdocs\alrasyid-software\sitanink\modules\shared\core\views\layout.php(67): CodeIgniter\View\View->include('modules/shared/...')
#5 C:\xampp4\htdocs\alrasyid-software\sitanink\system\View\View.php(214): include('C:\\xampp4\\htdoc...')
#6 C:\xampp4\htdocs\alrasyid-software\sitanink\system\View\View.php(217): CodeIgniter\View\View->CodeIgniter\View\{closure}()
#7 C:\xampp4\htdocs\alrasyid-software\sitanink\system\View\View.php(230): CodeIgniter\View\View->render('modules/shared/...', Array, true)
#8 C:\xampp4\htdocs\alrasyid-software\sitanink\modules\shared\core\controllers\BaseWebController.php(39): CodeIgniter\View\View->render('modules\\admin\\p...', Array, true)
#9 C:\xampp4\htdocs\alrasyid-software\sitanink\modules\admin\pekerja\controllers\PekerjaController.php(81): Modules\Shared\Core\Controllers\BaseWebController->renderView('v_add', Array)
#10 C:\xampp4\htdocs\alrasyid-software\sitanink\system\CodeIgniter.php(802): Modules\Admin\Pekerja\Controllers\PekerjaController->add()
#11 C:\xampp4\htdocs\alrasyid-software\sitanink\system\CodeIgniter.php(399): CodeIgniter\CodeIgniter->runController(Object(Modules\Admin\Pekerja\Controllers\PekerjaController))
#12 C:\xampp4\htdocs\alrasyid-software\sitanink\system\CodeIgniter.php(317): CodeIgniter\CodeIgniter->handleRequest(NULL, Object(Config\Cache), false)
#13 C:\xampp4\htdocs\alrasyid-software\sitanink\public\index.php(53): CodeIgniter\CodeIgniter->run()
#14 {main}
CRITICAL - 2022-05-21 19:06:57 --> Trying to access array offset on value of type null
#0 C:\xampp4\htdocs\alrasyid-software\sitanink\modules\shared\core\views\sidebar.php(10): CodeIgniter\Debug\Exceptions->errorHandler(2, 'Trying to acces...', 'C:\\xampp4\\htdoc...', 10)
#1 C:\xampp4\htdocs\alrasyid-software\sitanink\system\View\View.php(214): include('C:\\xampp4\\htdoc...')
#2 C:\xampp4\htdocs\alrasyid-software\sitanink\system\View\View.php(217): CodeIgniter\View\View->CodeIgniter\View\{closure}()
#3 C:\xampp4\htdocs\alrasyid-software\sitanink\system\View\View.php(432): CodeIgniter\View\View->render('modules/shared/...', NULL, true)
#4 C:\xampp4\htdocs\alrasyid-software\sitanink\modules\shared\core\views\layout.php(67): CodeIgniter\View\View->include('modules/shared/...')
#5 C:\xampp4\htdocs\alrasyid-software\sitanink\system\View\View.php(214): include('C:\\xampp4\\htdoc...')
#6 C:\xampp4\htdocs\alrasyid-software\sitanink\system\View\View.php(217): CodeIgniter\View\View->CodeIgniter\View\{closure}()
#7 C:\xampp4\htdocs\alrasyid-software\sitanink\system\View\View.php(230): CodeIgniter\View\View->render('modules/shared/...', Array, true)
#8 C:\xampp4\htdocs\alrasyid-software\sitanink\modules\shared\core\controllers\BaseWebController.php(39): CodeIgniter\View\View->render('modules\\admin\\p...', Array, true)
#9 C:\xampp4\htdocs\alrasyid-software\sitanink\modules\admin\pekerja\controllers\PekerjaController.php(81): Modules\Shared\Core\Controllers\BaseWebController->renderView('v_add', Array)
#10 C:\xampp4\htdocs\alrasyid-software\sitanink\system\CodeIgniter.php(802): Modules\Admin\Pekerja\Controllers\PekerjaController->add()
#11 C:\xampp4\htdocs\alrasyid-software\sitanink\system\CodeIgniter.php(399): CodeIgniter\CodeIgniter->runController(Object(Modules\Admin\Pekerja\Controllers\PekerjaController))
#12 C:\xampp4\htdocs\alrasyid-software\sitanink\system\CodeIgniter.php(317): CodeIgniter\CodeIgniter->handleRequest(NULL, Object(Config\Cache), false)
#13 C:\xampp4\htdocs\alrasyid-software\sitanink\public\index.php(53): CodeIgniter\CodeIgniter->run()
#14 {main}
